# JRE version: OpenJDK Runtime Environment (7.0_79-b14) (build 1.7.0_79-b14)
# Java VM: OpenJDK 64-Bit Server VM (24.79-b02 mixed mode linux-amd64 compressed oops)
Heap
 PSYoungGen      total 88576K, used 35413K [0x00000000f2200000, 0x00000000f8480000, 0x0000000100000000)
  eden space 82944K, 42% used [0x00000000f2200000,0x00000000f4495788,0x00000000f7300000)
  from space 5632K, 0% used [0x00000000f7b00000,0x00000000f7b00000,0x00000000f8080000)
  to   space 8192K, 0% used [0x00000000f7300000,0x00000000f7300000,0x00000000f7b00000)
 ParOldGen       total 40448K, used 13512K [0x00000000d6600000, 0x00000000d8d80000, 0x00000000f2200000)
  object space 40448K, 33% used [0x00000000d6600000,0x00000000d7332228,0x00000000d8d80000)
 PSPermGen       total 33280K, used 15203K [0x00000000cc000000, 0x00000000ce080000, 0x00000000d6600000)
  object space 33280K, 45% used [0x00000000cc000000,0x00000000cced8d00,0x00000000ce080000)
GC Heap History (10 events):
Event: 15,653 GC heap before
{Heap before GC invocations=8 (full 1):
 PSYoungGen      total 38912K, used 32718K [0x00000000f2200000, 0x00000000f4c00000, 0x0000000100000000)
  eden space 34816K, 93% used [0x00000000f2200000,0x00000000f41f3830,0x00000000f4400000)
  from space 4096K, 0% used [0x00000000f4800000,0x00000000f4800000,0x00000000f4c00000)
  to   space 4096K, 0% used [0x00000000f4400000,0x00000000f4400000,0x00000000f4800000)
 ParOldGen       total 36864K, used 13701K [0x00000000d6600000, 0x00000000d8a00000, 0x00000000f2200000)
  object space 36864K, 37% used [0x00000000d6600000,0x00000000d7361678,0x00000000d8a00000)
 PSPermGen       total 29696K, used 14709K [0x00000000cc000000, 0x00000000cdd00000, 0x00000000d6600000)
  object space 29696K, 49% used [0x00000000cc000000,0x00000000cce5d740,0x00000000cdd00000)
Event: 15,689 GC heap after
Heap after GC invocations=8 (full 1):
 PSYoungGen      total 38912K, used 3797K [0x00000000f2200000, 0x00000000f6680000, 0x0000000100000000)
  eden space 34816K, 0% used [0x00000000f2200000,0x00000000f2200000,0x00000000f4400000)
  from space 4096K, 92% used [0x00000000f4400000,0x00000000f47b57f0,0x00000000f4800000)
  to   space 4608K, 0% used [0x00000000f6200000,0x00000000f6200000,0x00000000f6680000)
 ParOldGen       total 36864K, used 21123K [0x00000000d6600000, 0x00000000d8a00000, 0x00000000f2200000)
  object space 36864K, 57% used [0x00000000d6600000,0x00000000d7aa0d20,0x00000000d8a00000)
 PSPermGen       total 29696K, used 14709K [0x00000000cc000000, 0x00000000cdd00000, 0x00000000d6600000)
  object space 29696K, 49% used [0x00000000cc000000,0x00000000cce5d740,0x00000000cdd00000)
}
Event: 16,329 GC heap before
{Heap before GC invocations=9 (full 1):
 PSYoungGen      total 38912K, used 38384K [0x00000000f2200000, 0x00000000f6680000, 0x0000000100000000)
  eden space 34816K, 99% used [0x00000000f2200000,0x00000000f43c6940,0x00000000f4400000)
  from space 4096K, 92% used [0x00000000f4400000,0x00000000f47b57f0,0x00000000f4800000)
  to   space 4608K, 0% used [0x00000000f6200000,0x00000000f6200000,0x00000000f6680000)
 ParOldGen       total 36864K, used 21123K [0x00000000d6600000, 0x00000000d8a00000, 0x00000000f2200000)
  object space 36864K, 57% used [0x00000000d6600000,0x00000000d7aa0d20,0x00000000d8a00000)
 PSPermGen       total 29696K, used 14752K [0x00000000cc000000, 0x00000000cdd00000, 0x00000000d6600000)
  object space 29696K, 49% used [0x00000000cc000000,0x00000000cce681e8,0x00000000cdd00000)
Event: 16,346 GC heap after
Heap after GC invocations=9 (full 1):
 PSYoungGen      total 64512K, used 4420K [0x00000000f2200000, 0x00000000f6680000, 0x0000000100000000)
  eden space 59904K, 0% used [0x00000000f2200000,0x00000000f2200000,0x00000000f5c80000)
  from space 4608K, 95% used [0x00000000f6200000,0x00000000f6651248,0x00000000f6680000)
  to   space 5120K, 0% used [0x00000000f5c80000,0x00000000f5c80000,0x00000000f6180000)
 ParOldGen       total 36864K, used 21409K [0x00000000d6600000, 0x00000000d8a00000, 0x00000000f2200000)
  object space 36864K, 58% used [0x00000000d6600000,0x00000000d7ae8708,0x00000000d8a00000)
 PSPermGen       total 29696K, used 14752K [0x00000000cc000000, 0x00000000cdd00000, 0x00000000d6600000)
  object space 29696K, 49% used [0x00000000cc000000,0x00000000cce681e8,0x00000000cdd00000)
}
Event: 17,847 GC heap before
{Heap before GC invocations=10 (full 1):
 PSYoungGen      total 64512K, used 63995K [0x00000000f2200000, 0x00000000f6680000, 0x0000000100000000)
  eden space 59904K, 99% used [0x00000000f2200000,0x00000000f5c2dac0,0x00000000f5c80000)
  from space 4608K, 95% used [0x00000000f6200000,0x00000000f6651248,0x00000000f6680000)
  to   space 5120K, 0% used [0x00000000f5c80000,0x00000000f5c80000,0x00000000f6180000)
 ParOldGen       total 36864K, used 21409K [0x00000000d6600000, 0x00000000d8a00000, 0x00000000f2200000)
  object space 36864K, 58% used [0x00000000d6600000,0x00000000d7ae8708,0x00000000d8a00000)
 PSPermGen       total 29696K, used 14880K [0x00000000cc000000, 0x00000000cdd00000, 0x00000000d6600000)
  object space 29696K, 50% used [0x00000000cc000000,0x00000000cce883c0,0x00000000cdd00000)
Event: 17,902 GC heap after
Heap after GC invocations=10 (full 1):
 PSYoungGen      total 65024K, used 4555K [0x00000000f2200000, 0x00000000f8080000, 0x0000000100000000)
  eden space 59904K, 0% used [0x00000000f2200000,0x00000000f2200000,0x00000000f5c80000)
  from space 5120K, 88% used [0x00000000f5c80000,0x00000000f60f2ea8,0x00000000f6180000)
  to   space 5632K, 0% used [0x00000000f7b00000,0x00000000f7b00000,0x00000000f8080000)
 ParOldGen       total 36864K, used 23878K [0x00000000d6600000, 0x00000000d8a00000, 0x00000000f2200000)
  object space 36864K, 64% used [0x00000000d6600000,0x00000000d7d51928,0x00000000d8a00000)
 PSPermGen       total 29696K, used 14880K [0x00000000cc000000, 0x00000000cdd00000, 0x00000000d6600000)
  object space 29696K, 50% used [0x00000000cc000000,0x00000000cce883c0,0x00000000cdd00000)
}
Event: 23,120 GC heap before
{Heap before GC invocations=11 (full 1):
 PSYoungGen      total 65024K, used 64459K [0x00000000f2200000, 0x00000000f8080000, 0x0000000100000000)
  eden space 59904K, 100% used [0x00000000f2200000,0x00000000f5c80000,0x00000000f5c80000)
  from space 5120K, 88% used [0x00000000f5c80000,0x00000000f60f2ea8,0x00000000f6180000)
  to   space 5632K, 0% used [0x00000000f7b00000,0x00000000f7b00000,0x00000000f8080000)
 ParOldGen       total 36864K, used 23878K [0x00000000d6600000, 0x00000000d8a00000, 0x00000000f2200000)
  object space 36864K, 64% used [0x00000000d6600000,0x00000000d7d51928,0x00000000d8a00000)
 PSPermGen       total 29696K, used 15036K [0x00000000cc000000, 0x00000000cdd00000, 0x00000000d6600000)
  object space 29696K, 50% used [0x00000000cc000000,0x00000000cceaf1b0,0x00000000cdd00000)
Event: 23,271 GC heap after
Heap after GC invocations=11 (full 1):
 PSYoungGen      total 88576K, used 5631K [0x00000000f2200000, 0x00000000f8480000, 0x0000000100000000)
  eden space 82944K, 0% used [0x00000000f2200000,0x00000000f2200000,0x00000000f7300000)
  from space 5632K, 99% used [0x00000000f7b00000,0x00000000f807fe88,0x00000000f8080000)
  to   space 8192K, 0% used [0x00000000f7300000,0x00000000f7300000,0x00000000f7b00000)
 ParOldGen       total 36864K, used 28771K [0x00000000d6600000, 0x00000000d8a00000, 0x00000000f2200000)
  object space 36864K, 78% used [0x00000000d6600000,0x00000000d8218e70,0x00000000d8a00000)
 PSPermGen       total 29696K, used 15036K [0x00000000cc000000, 0x00000000cdd00000, 0x00000000d6600000)
  object space 29696K, 50% used [0x00000000cc000000,0x00000000cceaf1b0,0x00000000cdd00000)
}
Event: 23,271 GC heap before
{Heap before GC invocations=12 (full 2):
 PSYoungGen      total 88576K, used 5631K [0x00000000f2200000, 0x00000000f8480000, 0x0000000100000000)
  eden space 82944K, 0% used [0x00000000f2200000,0x00000000f2200000,0x00000000f7300000)
  from space 5632K, 99% used [0x00000000f7b00000,0x00000000f807fe88,0x00000000f8080000)
  to   space 8192K, 0% used [0x00000000f7300000,0x00000000f7300000,0x00000000f7b00000)
 ParOldGen       total 36864K, used 28771K [0x00000000d6600000, 0x00000000d8a00000, 0x00000000f2200000)
  object space 36864K, 78% used [0x00000000d6600000,0x00000000d8218e70,0x00000000d8a00000)
 PSPermGen       total 29696K, used 15036K [0x00000000cc000000, 0x00000000cdd00000, 0x00000000d6600000)
  object space 29696K, 50% used [0x00000000cc000000,0x00000000cceaf1b0,0x00000000cdd00000)
Event: 23,633 GC heap after
Heap after GC invocations=12 (full 2):
 PSYoungGen      total 88576K, used 0K [0x00000000f2200000, 0x00000000f8480000, 0x0000000100000000)
  eden space 82944K, 0% used [0x00000000f2200000,0x00000000f2200000,0x00000000f7300000)
  from space 5632K, 0% used [0x00000000f7b00000,0x00000000f7b00000,0x00000000f8080000)
  to   space 8192K, 0% used [0x00000000f7300000,0x00000000f7300000,0x00000000f7b00000)
 ParOldGen       total 40448K, used 13512K [0x00000000d6600000, 0x00000000d8d80000, 0x00000000f2200000)
  object space 40448K, 33% used [0x00000000d6600000,0x00000000d7332228,0x00000000d8d80000)
 PSPermGen       total 33280K, used 15030K [0x00000000cc000000, 0x00000000ce080000, 0x00000000d6600000)
  object space 33280K, 45% used [0x00000000cc000000,0x00000000ccead8c8,0x00000000ce080000)
}

