# JRE version: 7.0_25-b30
# Java VM: OpenJDK 64-Bit Server VM (23.7-b01 mixed mode linux-amd64 compressed oops)
Heap
 PSYoungGen      total 36864K, used 16380K [0x00000007d6e00000, 0x00000007db600000, 0x0000000800000000)
  eden space 31616K, 35% used [0x00000007d6e00000,0x00000007d78e2da0,0x00000007d8ce0000)
  from space 5248K, 99% used [0x00000007d9200000,0x00000007d971c330,0x00000007d9720000)
  to   space 5248K, 0% used [0x00000007d8ce0000,0x00000007d8ce0000,0x00000007d9200000)
 ParOldGen       total 84224K, used 4246K [0x0000000784a00000, 0x0000000789c40000, 0x00000007d6e00000)
  object space 84224K, 5% used [0x0000000784a00000,0x0000000784e258d8,0x0000000789c40000)
 PSPermGen       total 27200K, used 27016K [0x000000077a400000, 0x000000077be90000, 0x0000000784a00000)
  object space 27200K, 99% used [0x000000077a400000,0x000000077be622d8,0x000000077be90000)
GC Heap History (4 events):
Event: 1.296 GC heap before
{Heap before GC invocations=1 (full 0):
 PSYoungGen      total 36864K, used 31616K [0x00000007d6e00000, 0x00000007d9720000, 0x0000000800000000)
  eden space 31616K, 100% used [0x00000007d6e00000,0x00000007d8ce0000,0x00000007d8ce0000)
  from space 5248K, 0% used [0x00000007d9200000,0x00000007d9200000,0x00000007d9720000)
  to   space 5248K, 0% used [0x00000007d8ce0000,0x00000007d8ce0000,0x00000007d9200000)
 ParOldGen       total 84224K, used 0K [0x0000000784a00000, 0x0000000789c40000, 0x00000007d6e00000)
  object space 84224K, 0% used [0x0000000784a00000,0x0000000784a00000,0x0000000789c40000)
 PSPermGen       total 21248K, used 18380K [0x000000077a400000, 0x000000077b8c0000, 0x0000000784a00000)
  object space 21248K, 86% used [0x000000077a400000,0x000000077b5f3050,0x000000077b8c0000)
Event: 1.308 GC heap after
Heap after GC invocations=1 (full 0):
 PSYoungGen      total 36864K, used 5220K [0x00000007d6e00000, 0x00000007d9720000, 0x0000000800000000)
  eden space 31616K, 0% used [0x00000007d6e00000,0x00000007d6e00000,0x00000007d8ce0000)
  from space 5248K, 99% used [0x00000007d8ce0000,0x00000007d91f90b8,0x00000007d9200000)
  to   space 5248K, 0% used [0x00000007d9200000,0x00000007d9200000,0x00000007d9720000)
 ParOldGen       total 84224K, used 907K [0x0000000784a00000, 0x0000000789c40000, 0x00000007d6e00000)
  object space 84224K, 1% used [0x0000000784a00000,0x0000000784ae2d80,0x0000000789c40000)
 PSPermGen       total 21248K, used 18380K [0x000000077a400000, 0x000000077b8c0000, 0x0000000784a00000)
  object space 21248K, 86% used [0x000000077a400000,0x000000077b5f3050,0x000000077b8c0000)
}
Event: 2.281 GC heap before
{Heap before GC invocations=2 (full 0):
 PSYoungGen      total 36864K, used 36836K [0x00000007d6e00000, 0x00000007d9720000, 0x0000000800000000)
  eden space 31616K, 100% used [0x00000007d6e00000,0x00000007d8ce0000,0x00000007d8ce0000)
  from space 5248K, 99% used [0x00000007d8ce0000,0x00000007d91f90b8,0x00000007d9200000)
  to   space 5248K, 0% used [0x00000007d9200000,0x00000007d9200000,0x00000007d9720000)
 ParOldGen       total 84224K, used 907K [0x0000000784a00000, 0x0000000789c40000, 0x00000007d6e00000)
  object space 84224K, 1% used [0x0000000784a00000,0x0000000784ae2d80,0x0000000789c40000)
 PSPermGen       total 26240K, used 26081K [0x000000077a400000, 0x000000077bda0000, 0x0000000784a00000)
  object space 26240K, 99% used [0x000000077a400000,0x000000077bd78618,0x000000077bda0000)
Event: 2.302 GC heap after
Heap after GC invocations=2 (full 0):
 PSYoungGen      total 36864K, used 5232K [0x00000007d6e00000, 0x00000007db600000, 0x0000000800000000)
  eden space 31616K, 0% used [0x00000007d6e00000,0x00000007d6e00000,0x00000007d8ce0000)
  from space 5248K, 99% used [0x00000007d9200000,0x00000007d971c330,0x00000007d9720000)
  to   space 5248K, 0% used [0x00000007d8ce0000,0x00000007d8ce0000,0x00000007d9200000)
 ParOldGen       total 84224K, used 4246K [0x0000000784a00000, 0x0000000789c40000, 0x00000007d6e00000)
  object space 84224K, 5% used [0x0000000784a00000,0x0000000784e258d8,0x0000000789c40000)
 PSPermGen       total 26240K, used 26081K [0x000000077a400000, 0x000000077bda0000, 0x0000000784a00000)
  object space 26240K, 99% used [0x000000077a400000,0x000000077bd78618,0x000000077bda0000)
}

